2020-05-20 14:30:45,182 [140355424126720] INFO: get capture frame
2020-05-20 14:30:45,182 [140355424126720] INFO: get capture frame
2020-05-20 14:31:03,436 [140355424126720] INFO: get capture frame
2020-05-20 14:31:03,436 [140355424126720] INFO: get capture frame
2020-05-20 14:31:04,500 [140355424126720] INFO: get capture frame
2020-05-20 14:31:04,500 [140355424126720] INFO: get capture frame
2020-05-20 14:31:05,513 [140355424126720] INFO: get capture frame
2020-05-20 14:31:05,513 [140355424126720] INFO: get capture frame
2020-05-20 14:31:06,521 [140355424126720] INFO: get capture frame
2020-05-20 14:31:06,521 [140355424126720] INFO: get capture frame
2020-05-20 14:31:07,530 [140355424126720] INFO: get capture frame
2020-05-20 14:31:07,530 [140355424126720] INFO: get capture frame
2020-05-20 14:31:08,543 [140355424126720] INFO: get capture frame
2020-05-20 14:31:08,543 [140355424126720] INFO: get capture frame
2020-05-20 14:31:09,556 [140355424126720] INFO: get capture frame
2020-05-20 14:31:09,556 [140355424126720] INFO: get capture frame
2020-05-20 14:31:10,567 [140355424126720] INFO: get capture frame
2020-05-20 14:31:10,567 [140355424126720] INFO: get capture frame
2020-05-20 14:31:11,580 [140355424126720] INFO: get capture frame
2020-05-20 14:31:11,580 [140355424126720] INFO: get capture frame
2020-05-20 14:31:12,592 [140355424126720] INFO: get capture frame
2020-05-20 14:31:12,592 [140355424126720] INFO: get capture frame
2020-05-20 14:31:13,602 [140355424126720] INFO: get capture frame
2020-05-20 14:31:13,602 [140355424126720] INFO: get capture frame
2020-05-20 14:31:14,613 [140355424126720] INFO: get capture frame
2020-05-20 14:31:14,613 [140355424126720] INFO: get capture frame
2020-05-20 14:31:15,626 [140355424126720] INFO: get capture frame
2020-05-20 14:31:15,626 [140355424126720] INFO: get capture frame
2020-05-20 14:31:16,639 [140355424126720] INFO: get capture frame
2020-05-20 14:31:16,639 [140355424126720] INFO: get capture frame
2020-05-20 14:31:17,654 [140355424126720] INFO: get capture frame
2020-05-20 14:31:17,654 [140355424126720] INFO: get capture frame
2020-05-20 14:31:18,667 [140355424126720] INFO: get capture frame
2020-05-20 14:31:18,667 [140355424126720] INFO: get capture frame
2020-05-20 14:31:19,678 [140355424126720] INFO: get capture frame
2020-05-20 14:31:19,678 [140355424126720] INFO: get capture frame
2020-05-20 14:31:20,694 [140355424126720] INFO: get capture frame
2020-05-20 14:31:20,694 [140355424126720] INFO: get capture frame
2020-05-20 14:31:21,709 [140355424126720] INFO: get capture frame
2020-05-20 14:31:21,709 [140355424126720] INFO: get capture frame
2020-05-20 14:31:22,724 [140355424126720] INFO: get capture frame
2020-05-20 14:31:22,724 [140355424126720] INFO: get capture frame
2020-05-20 14:31:23,739 [140355424126720] INFO: get capture frame
2020-05-20 14:31:23,739 [140355424126720] INFO: get capture frame
2020-05-20 14:31:24,750 [140355424126720] INFO: get capture frame
2020-05-20 14:31:24,750 [140355424126720] INFO: get capture frame
2020-05-20 14:31:25,762 [140355424126720] INFO: get capture frame
2020-05-20 14:31:25,762 [140355424126720] INFO: get capture frame
2020-05-20 14:31:26,773 [140355424126720] INFO: get capture frame
2020-05-20 14:31:26,773 [140355424126720] INFO: get capture frame
2020-05-20 14:31:27,783 [140355424126720] INFO: get capture frame
2020-05-20 14:31:27,783 [140355424126720] INFO: get capture frame
2020-05-20 14:31:28,795 [140355424126720] INFO: get capture frame
2020-05-20 14:31:28,795 [140355424126720] INFO: get capture frame
2020-05-20 14:31:29,807 [140355424126720] INFO: get capture frame
2020-05-20 14:31:29,807 [140355424126720] INFO: get capture frame
2020-05-20 14:31:30,819 [140355424126720] INFO: get capture frame
2020-05-20 14:31:30,819 [140355424126720] INFO: get capture frame
2020-05-20 14:31:31,830 [140355424126720] INFO: get capture frame
2020-05-20 14:31:31,830 [140355424126720] INFO: get capture frame
2020-05-20 14:31:32,846 [140355424126720] INFO: get capture frame
2020-05-20 14:31:32,846 [140355424126720] INFO: get capture frame
2020-05-20 14:31:33,861 [140355424126720] INFO: get capture frame
2020-05-20 14:31:33,861 [140355424126720] INFO: get capture frame
2020-05-20 14:31:34,874 [140355424126720] INFO: get capture frame
2020-05-20 14:31:34,874 [140355424126720] INFO: get capture frame
2020-05-20 14:31:35,889 [140355424126720] INFO: get capture frame
2020-05-20 14:31:35,889 [140355424126720] INFO: get capture frame
2020-05-20 14:31:36,902 [140355424126720] INFO: get capture frame
2020-05-20 14:31:36,902 [140355424126720] INFO: get capture frame
2020-05-20 14:31:37,914 [140355424126720] INFO: get capture frame
2020-05-20 14:31:37,914 [140355424126720] INFO: get capture frame
2020-05-20 14:31:38,929 [140355424126720] INFO: get capture frame
2020-05-20 14:31:38,929 [140355424126720] INFO: get capture frame
2020-05-20 14:31:39,944 [140355424126720] INFO: get capture frame
2020-05-20 14:31:39,944 [140355424126720] INFO: get capture frame
2020-05-20 14:31:43,766 [139932300486400] INFO: get capture frame
2020-05-20 14:31:43,766 [139932300486400] INFO: get capture frame
2020-05-20 14:31:43,839 [139932300486400] INFO: get capture frame
2020-05-20 14:31:43,839 [139932300486400] INFO: get capture frame
2020-05-20 14:31:44,882 [139932300486400] INFO: get capture frame
2020-05-20 14:31:44,882 [139932300486400] INFO: get capture frame
2020-05-20 14:31:45,895 [139932300486400] INFO: get capture frame
2020-05-20 14:31:45,895 [139932300486400] INFO: get capture frame
2020-05-20 14:31:46,910 [139932300486400] INFO: get capture frame
2020-05-20 14:31:46,910 [139932300486400] INFO: get capture frame
2020-05-20 14:31:47,921 [139932300486400] INFO: get capture frame
2020-05-20 14:31:47,921 [139932300486400] INFO: get capture frame
2020-05-20 14:31:48,934 [139932300486400] INFO: get capture frame
2020-05-20 14:31:48,934 [139932300486400] INFO: get capture frame
2020-05-20 14:31:49,948 [139932300486400] INFO: get capture frame
2020-05-20 14:31:49,948 [139932300486400] INFO: get capture frame
2020-05-20 14:31:50,960 [139932300486400] INFO: get capture frame
2020-05-20 14:31:50,960 [139932300486400] INFO: get capture frame
2020-05-20 14:31:51,974 [139932300486400] INFO: get capture frame
2020-05-20 14:31:51,974 [139932300486400] INFO: get capture frame
2020-05-20 14:31:52,988 [139932300486400] INFO: get capture frame
2020-05-20 14:31:52,988 [139932300486400] INFO: get capture frame
2020-05-20 14:31:54,002 [139932300486400] INFO: get capture frame
2020-05-20 14:31:54,002 [139932300486400] INFO: get capture frame
2020-05-20 14:31:55,011 [139932300486400] INFO: get capture frame
2020-05-20 14:31:55,011 [139932300486400] INFO: get capture frame
2020-05-20 14:31:56,025 [139932300486400] INFO: get capture frame
2020-05-20 14:31:56,025 [139932300486400] INFO: get capture frame
2020-05-20 14:31:57,038 [139932300486400] INFO: get capture frame
2020-05-20 14:31:57,038 [139932300486400] INFO: get capture frame
2020-05-20 14:31:58,049 [139932300486400] INFO: get capture frame
2020-05-20 14:31:58,049 [139932300486400] INFO: get capture frame
2020-05-20 14:31:59,063 [139932300486400] INFO: get capture frame
2020-05-20 14:31:59,063 [139932300486400] INFO: get capture frame
2020-05-20 14:32:00,075 [139932300486400] INFO: get capture frame
2020-05-20 14:32:00,075 [139932300486400] INFO: get capture frame
2020-05-20 14:32:01,090 [139932300486400] INFO: get capture frame
2020-05-20 14:32:01,090 [139932300486400] INFO: get capture frame
2020-05-20 14:32:02,102 [139932300486400] INFO: get capture frame
2020-05-20 14:32:02,102 [139932300486400] INFO: get capture frame
2020-05-20 14:32:03,113 [139932300486400] INFO: get capture frame
2020-05-20 14:32:03,113 [139932300486400] INFO: get capture frame
2020-05-20 14:32:04,122 [139932300486400] INFO: get capture frame
2020-05-20 14:32:04,122 [139932300486400] INFO: get capture frame
2020-05-20 14:32:05,134 [139932300486400] INFO: get capture frame
2020-05-20 14:32:05,134 [139932300486400] INFO: get capture frame
2020-05-21 14:59:56,306 [140485652129536] WARNING: From /home/yangzl/anaconda3/envs/py27/lib/python2.7/site-packages/tensorflow/python/ops/nn_grad.py:249: calling reduce_sum (from tensorflow.python.ops.math_ops) with keep_dims is deprecated and will be removed in a future version.
Instructions for updating:
keep_dims is deprecated, use keepdims instead
2020-05-21 14:59:56,306 [140485652129536] WARNING: From /home/yangzl/anaconda3/envs/py27/lib/python2.7/site-packages/tensorflow/python/ops/nn_grad.py:249: calling reduce_sum (from tensorflow.python.ops.math_ops) with keep_dims is deprecated and will be removed in a future version.
Instructions for updating:
keep_dims is deprecated, use keepdims instead
2020-05-21 15:00:03,999 [140485652129536] INFO: Restoring parameters from best_policy.model
2020-05-21 15:00:03,999 [140485652129536] INFO: Restoring parameters from best_policy.model
2020-05-21 15:01:45,127 [140140633171712] WARNING: From /home/yangzl/anaconda3/envs/py27/lib/python2.7/site-packages/tensorflow/python/ops/nn_grad.py:249: calling reduce_sum (from tensorflow.python.ops.math_ops) with keep_dims is deprecated and will be removed in a future version.
Instructions for updating:
keep_dims is deprecated, use keepdims instead
2020-05-21 15:01:45,127 [140140633171712] WARNING: From /home/yangzl/anaconda3/envs/py27/lib/python2.7/site-packages/tensorflow/python/ops/nn_grad.py:249: calling reduce_sum (from tensorflow.python.ops.math_ops) with keep_dims is deprecated and will be removed in a future version.
Instructions for updating:
keep_dims is deprecated, use keepdims instead
2020-05-21 15:01:46,278 [140140633171712] INFO: Restoring parameters from ./alphazero/best_policy_tensorflow.model
2020-05-21 15:01:46,278 [140140633171712] INFO: Restoring parameters from ./alphazero/best_policy_tensorflow.model
